<?xml version="1.0" encoding="UTF-8"?>
<testsuite name="EncryptDecryptTest" tests="1" skipped="0" failures="0" errors="0" timestamp="2020-02-13T20:10:49" hostname="DESKTOP-H0T0QGB" time="0.108">
  <properties/>
  <testcase name="start" classname="EncryptDecryptTest" time="0.108"/>
  <system-out><![CDATA[?[1;31m
Start test 1?[0m
?[1;31m
Start test 2?[0m
?[1;31m
Start test 3?[0m
?[1;31m
Start test 4?[0m
?[1;31m
Start test 5?[0m
?[1;31m
Start test 6?[0m
?[1;31m
Start test 7?[0m
?[1;31m
Start test 8?[0m
?[1;31m
Start test 9?[0m
?[1;31m
Start test 10?[0m
?[1;31m
Start test 11?[0m
]]></system-out>
  <system-err><![CDATA[]]></system-err>
</testsuite>
